[debug] [2021-07-17T12:57:18.398Z] ----------------------------------------------------------------------
[debug] [2021-07-17T12:57:18.400Z] Command:       C:\Program Files (x86)\nodejs\node.exe C:\Users\HP\AppData\Roaming\npm\node_modules\firebase-tools\lib\bin\firebase.js init
[debug] [2021-07-17T12:57:18.401Z] CLI Version:   9.16.0
[debug] [2021-07-17T12:57:18.401Z] Platform:      win32
[debug] [2021-07-17T12:57:18.401Z] Node Version:  v14.17.0
[debug] [2021-07-17T12:57:18.402Z] Time:          Sat Jul 17 2021 18:27:18 GMT+0530 (India Standard Time)
[debug] [2021-07-17T12:57:18.402Z] ----------------------------------------------------------------------
[debug] 
[debug] [2021-07-17T12:57:18.404Z] >>> [apiv2][query] GET https://firebase-public.firebaseio.com/cli.json [none]
[debug] [2021-07-17T12:57:18.426Z] > command requires scopes: ["email","openid","https://www.googleapis.com/auth/cloudplatformprojects.readonly","https://www.googleapis.com/auth/firebase","https://www.googleapis.com/auth/cloud-platform"]
[debug] [2021-07-17T12:57:18.427Z] > authorizing via signed-in user (madhavshuklasr3@gmail.com)
[info] 
     ######## #### ########  ######## ########     ###     ######  ########
     ##        ##  ##     ## ##       ##     ##  ##   ##  ##       ##
     ######    ##  ########  ######   ########  #########  ######  ######
     ##        ##  ##    ##  ##       ##     ## ##     ##       ## ##
     ##       #### ##     ## ######## ########  ##     ##  ######  ########

You're about to initialize a Firebase project in this directory:

  D:\1. STUDY\WebD\Whatsapp clone\whatsapp-mern

[debug] [2021-07-17T12:57:19.312Z] <<< [apiv2][status] GET https://firebase-public.firebaseio.com/cli.json 200
[debug] [2021-07-17T12:57:19.312Z] <<< [apiv2][body] GET https://firebase-public.firebaseio.com/cli.json {"cloudBuildErrorAfter":1594252800000,"cloudBuildWarnAfter":1590019200000,"defaultNode10After":1594252800000,"minVersion":"3.0.5","node8DeploysDisabledAfter":1613390400000,"node8RuntimeDisabledAfter":1615809600000,"node8WarnAfter":1600128000000}
[info] 
=== Project Setup
[info] 
[info] First, let's associate this project directory with a Firebase project.
[info] You can create multiple project aliases by running firebase use --add, 
[info] but for now we'll just set up a default project.
[info] 
[debug] [2021-07-17T12:57:56.685Z] > refreshing access token with scopes: []
[debug] [2021-07-17T12:57:56.686Z] >>> HTTP REQUEST POST https://www.googleapis.com/oauth2/v3/token  
 <request body omitted>
[debug] [2021-07-17T12:57:56.950Z] <<< HTTP RESPONSE 200 {"cache-control":"no-cache, no-store, max-age=0, must-revalidate","pragma":"no-cache","date":"Sat, 17 Jul 2021 12:57:55 GMT","expires":"Mon, 01 Jan 1990 00:00:00 GMT","content-type":"application/json; charset=utf-8","vary":"X-Origin, Referer, Origin,Accept-Encoding","server":"scaffolding on HTTPServer2","x-xss-protection":"0","x-frame-options":"SAMEORIGIN","x-content-type-options":"nosniff","alt-svc":"h3=\":443\"; ma=2592000,h3-29=\":443\"; ma=2592000,h3-T051=\":443\"; ma=2592000,h3-Q050=\":443\"; ma=2592000,h3-Q046=\":443\"; ma=2592000,h3-Q043=\":443\"; ma=2592000,quic=\":443\"; ma=2592000; v=\"46,43\"","accept-ranges":"none","transfer-encoding":"chunked"}
[debug] [2021-07-17T12:57:56.965Z] >>> [apiv2][query] GET https://firebase.googleapis.com/v1beta1/projects pageSize=100
[debug] [2021-07-17T12:57:57.600Z] <<< [apiv2][status] GET https://firebase.googleapis.com/v1beta1/projects 200
[debug] [2021-07-17T12:57:57.600Z] <<< [apiv2][body] GET https://firebase.googleapis.com/v1beta1/projects [omitted]
[info] i  Using project whatsapp-mern-ce782 (Whatsapp-mern) 
[info] 
=== Hosting Setup
[info] 
[info] Your public directory is the folder (relative to your project directory) that
[info] will contain Hosting assets to be uploaded with firebase deploy. If you
[info] have a build process for your assets, use your build's output directory.
[info] 
[debug] [2021-07-17T13:00:04.316Z] >>> [apiv2][query] GET https://www.gstatic.com/firebasejs/releases.json [none]
[debug] [2021-07-17T13:00:04.538Z] <<< [apiv2][status] GET https://www.gstatic.com/firebasejs/releases.json 200
[debug] [2021-07-17T13:00:04.538Z] <<< [apiv2][body] GET https://www.gstatic.com/firebasejs/releases.json {"current":{"version":"8.7.1","browserURL":"https://www.gstatic.com/firebasejs/8.7.1/firebase.js","packageURL":"https://www.gstatic.com/firebasejs/8.7.1/firebase.tgz"},"live":{"version":"8.7","browserURL":"https://www.gstatic.com/firebasejs/live/8.7/firebase.js","packageURL":"https://www.gstatic.com/firebasejs/live/8.7/firebase.tgz"},"components":{"analytics":"https://www.gstatic.com/firebasejs/8.7.1/firebase-analytics.js","app":"https://www.gstatic.com/firebasejs/8.7.1/firebase-app.js","app-check":"https://www.gstatic.com/firebasejs/8.7.1/firebase-app-check.js","auth":"https://www.gstatic.com/firebasejs/8.7.1/firebase-auth.js","database":"https://www.gstatic.com/firebasejs/8.7.1/firebase-database.js","firestore":"https://www.gstatic.com/firebasejs/8.7.1/firebase-firestore.js","functions":"https://www.gstatic.com/firebasejs/8.7.1/firebase-functions.js","installations":"https://www.gstatic.com/firebasejs/8.7.1/firebase-installations.js","messaging":"https://www.gstatic.com/firebasejs/8.7.1/firebase-messaging.js","storage":"https://www.gstatic.com/firebasejs/8.7.1/firebase-storage.js","performance":"https://www.gstatic.com/firebasejs/8.7.1/firebase-performance.js","remote-config":"https://www.gstatic.com/firebasejs/8.7.1/firebase-remote-config.js","firestore.memory":"https://www.gstatic.com/firebasejs/8.7.1/firebase-firestore.memory.js"}}
[info] +  Wrote build/index.html 
[info] 
[info] i  Detected a .git folder at D:\1. STUDY\WebD\Whatsapp clone\whatsapp-mern 
[info] i  Authorizing with GitHub to upload your service account to a GitHub repository's secrets store. 
[info] 
[info] Visit this URL on this device to log in:
[info] https://github.com/login/oauth/authorize?client_id=89cf50f02ac6aaed3484&state=254011617&redirect_uri=http%3A%2F%2Flocalhost%3A9005&scope=read%3Auser%20repo%20public_repo
[info] 
[info] Waiting for authentication...
[debug] [2021-07-17T13:01:14.861Z] >>> HTTP REQUEST POST https://github.com/login/oauth/access_token  
 {"client_id":"89cf50f02ac6aaed3484","client_secret":"3330d14abc895d9a74d5f17cd7a00711fa2c5bf0","code":"f4c1ab1c5c7bb4bf995a","redirect_uri":"http://localhost:9005","state":"254011617"}
[debug] [2021-07-17T13:01:15.204Z] <<< HTTP RESPONSE 200 {"server":"GitHub.com","date":"Sat, 17 Jul 2021 13:01:13 GMT","content-type":"application/json; charset=utf-8","transfer-encoding":"chunked","vary":"X-PJAX, Accept-Encoding, Accept, X-Requested-With","permissions-policy":"interest-cohort=()","etag":"W/\"9ff82d9da48b176d3abb17b715423ed7\"","cache-control":"max-age=0, private, must-revalidate","strict-transport-security":"max-age=31536000; includeSubdomains; preload","x-frame-options":"deny","x-content-type-options":"nosniff","x-xss-protection":"0","referrer-policy":"origin-when-cross-origin, strict-origin-when-cross-origin","expect-ct":"max-age=2592000, report-uri=\"https://api.github.com/_private/browser/errors\"","content-security-policy":"default-src 'none'; base-uri 'self'; block-all-mixed-content; connect-src 'self' uploads.github.com www.githubstatus.com collector.githubapp.com api.github.com github-cloud.s3.amazonaws.com github-production-repository-file-5c1aeb.s3.amazonaws.com github-production-upload-manifest-file-7fdce7.s3.amazonaws.com github-production-user-asset-6210df.s3.amazonaws.com cdn.optimizely.com logx.optimizely.com/v1/events translator.github.com wss://alive.github.com; font-src github.githubassets.com; form-action 'self' github.com gist.github.com; frame-ancestors 'none'; frame-src render.githubusercontent.com render-temp.githubusercontent.com viewscreen.githubusercontent.com; img-src 'self' data: github.githubassets.com identicons.github.com collector.githubapp.com github-cloud.s3.amazonaws.com secured-user-images.githubusercontent.com/ *.githubusercontent.com; manifest-src 'self'; media-src 'none'; script-src github.githubassets.com; style-src 'unsafe-inline' github.githubassets.com; worker-src github.com/socket-worker-3f088aa2.js gist.github.com/socket-worker-3f088aa2.js","x-github-request-id":"F96F:71F7:105D7CD:11E0094:60F2D499"}
[debug] [2021-07-17T13:01:15.216Z] >>> [apiv2][query] GET https://api.github.com/user [none]
[debug] [2021-07-17T13:01:15.573Z] <<< [apiv2][status] GET https://api.github.com/user 200
[debug] [2021-07-17T13:01:15.573Z] <<< [apiv2][body] GET https://api.github.com/user {"login":"madhav592001","id":55993464,"node_id":"MDQ6VXNlcjU1OTkzNDY0","avatar_url":"https://avatars.githubusercontent.com/u/55993464?v=4","gravatar_id":"","url":"https://api.github.com/users/madhav592001","html_url":"https://github.com/madhav592001","followers_url":"https://api.github.com/users/madhav592001/followers","following_url":"https://api.github.com/users/madhav592001/following{/other_user}","gists_url":"https://api.github.com/users/madhav592001/gists{/gist_id}","starred_url":"https://api.github.com/users/madhav592001/starred{/owner}{/repo}","subscriptions_url":"https://api.github.com/users/madhav592001/subscriptions","organizations_url":"https://api.github.com/users/madhav592001/orgs","repos_url":"https://api.github.com/users/madhav592001/repos","events_url":"https://api.github.com/users/madhav592001/events{/privacy}","received_events_url":"https://api.github.com/users/madhav592001/received_events","type":"User","site_admin":false,"name":"Madhav","company":null,"blog":"","location":"Ratlam , M.P","email":null,"hireable":null,"bio":"B.Tech(CSE) , Jappee University of Engineering and Technology","twitter_username":null,"public_repos":1,"public_gists":0,"followers":0,"following":0,"created_at":"2019-09-30T16:02:57Z","updated_at":"2021-07-17T13:01:13Z","private_gists":0,"total_private_repos":0,"owned_private_repos":0,"disk_usage":736,"collaborators":0,"two_factor_authentication":false,"plan":{"name":"free","space":976562499,"collaborators":0,"private_repos":10000}}
[info] 
[info] +  Success! Logged into GitHub as madhav592001 
[info] 
[debug] [2021-07-17T13:01:29.871Z] >>> [apiv2][query] GET https://api.github.com/repos/firebase/actions/secrets/public-key type=owner
[debug] [2021-07-17T13:01:30.179Z] <<< [apiv2][status] GET https://api.github.com/repos/firebase/actions/secrets/public-key 404
[debug] [2021-07-17T13:01:30.179Z] <<< [apiv2][body] GET https://api.github.com/repos/firebase/actions/secrets/public-key {"message":"Not Found","documentation_url":"https://docs.github.com/rest"}
[debug] [2021-07-17T13:01:37.224Z] >>> [apiv2][query] GET https://api.github.com/repos//actions/secrets/public-key type=owner
[debug] [2021-07-17T13:01:37.524Z] <<< [apiv2][status] GET https://api.github.com/repos//actions/secrets/public-key 404
[debug] [2021-07-17T13:01:37.524Z] <<< [apiv2][body] GET https://api.github.com/repos//actions/secrets/public-key {"message":"Not Found","documentation_url":"https://docs.github.com/rest"}
[debug] [2021-07-17T13:01:43.983Z] >>> [apiv2][query] GET https://api.github.com/repos//actions/secrets/public-key type=owner
[debug] [2021-07-17T13:01:44.283Z] <<< [apiv2][status] GET https://api.github.com/repos//actions/secrets/public-key 404
[debug] [2021-07-17T13:01:44.283Z] <<< [apiv2][body] GET https://api.github.com/repos//actions/secrets/public-key {"message":"Not Found","documentation_url":"https://docs.github.com/rest"}
[debug] [2021-07-17T13:02:04.913Z] >>> [apiv2][query] GET https://api.github.com/repos//actions/secrets/public-key type=owner
[debug] [2021-07-17T13:02:05.256Z] <<< [apiv2][status] GET https://api.github.com/repos//actions/secrets/public-key 404
[debug] [2021-07-17T13:02:05.256Z] <<< [apiv2][body] GET https://api.github.com/repos//actions/secrets/public-key {"message":"Not Found","documentation_url":"https://docs.github.com/rest"}
[debug] [2021-07-17T13:02:12.331Z] >>> [apiv2][query] GET https://api.github.com/repos/n/actions/secrets/public-key type=owner
[debug] [2021-07-17T13:02:12.644Z] <<< [apiv2][status] GET https://api.github.com/repos/n/actions/secrets/public-key 404
[debug] [2021-07-17T13:02:12.645Z] <<< [apiv2][body] GET https://api.github.com/repos/n/actions/secrets/public-key {"message":"Not Found","documentation_url":"https://docs.github.com/rest"}
